<testsuite tests='1' results='1' failures='0' disabled='0' errors='0' time='0.115' name='behavior.delete_reference'>
  <testcase classname='behavior.delete_reference' name='user can add a reference by giving required information and delete the reference afterwards' time='0.008' />
</testsuite>