<testsuite tests='1' results='1' failures='0' disabled='0' errors='0' time='0.127' name='behavior.modify_reference'>
  <testcase classname='behavior.modify_reference' name='user can add a reference by giving required information and modify the information afterwards' time='0.01' />
</testsuite>