<testsuite tests='1' results='1' failures='0' disabled='0' errors='0' time='0.169' name='behavior.list_references'>
  <testcase classname='behavior.list_references' name='user can add two references by giving required information and see a list of references afterwards' time='0.052' />
</testsuite>